Using pre-set license
Built from '2021.3/staging' branch; Version is '2021.3.40f1 (6fcab7dbbbc1) revision 7326391'; Using compiler version '192829333'; Build Type 'Release'
OS: 'Windows 11  (10.0.22631) 64bit Core' Language: 'en' Physical Memory: 7971 MB
BatchMode: 1, IsHumanControllingUs: 0, StartBugReporterOnCrash: 0, Is64bit: 1, IsPro: 1

COMMAND LINE ARGUMENTS:
C:\Program Files\Unity\Hub\Editor\2021.3.40f1\Editor\Unity.exe
-adb2
-batchMode
-noUpm
-name
AssetImportWorker0
-projectPath
C:/Users/tammi/OneDrive/Desktop/Super Mario 64 Unity
-logFile
Logs/AssetImportWorker0.log
-srvPort
58370
Successfully changed project path to: C:/Users/tammi/OneDrive/Desktop/Super Mario 64 Unity
C:/Users/tammi/OneDrive/Desktop/Super Mario 64 Unity
[UnityMemory] Configuration Parameters - Can be set up in boot.config
    "memorysetup-bucket-allocator-granularity=16"
    "memorysetup-bucket-allocator-bucket-count=8"
    "memorysetup-bucket-allocator-block-size=33554432"
    "memorysetup-bucket-allocator-block-count=8"
    "memorysetup-main-allocator-block-size=16777216"
    "memorysetup-thread-allocator-block-size=16777216"
    "memorysetup-gfx-main-allocator-block-size=16777216"
    "memorysetup-gfx-thread-allocator-block-size=16777216"
    "memorysetup-cache-allocator-block-size=4194304"
    "memorysetup-typetree-allocator-block-size=2097152"
    "memorysetup-profiler-bucket-allocator-granularity=16"
    "memorysetup-profiler-bucket-allocator-bucket-count=8"
    "memorysetup-profiler-bucket-allocator-block-size=33554432"
    "memorysetup-profiler-bucket-allocator-block-count=8"
    "memorysetup-profiler-allocator-block-size=16777216"
    "memorysetup-profiler-editor-allocator-block-size=1048576"
    "memorysetup-temp-allocator-size-main=16777216"
    "memorysetup-job-temp-allocator-block-size=2097152"
    "memorysetup-job-temp-allocator-block-size-background=1048576"
    "memorysetup-job-temp-allocator-reduction-small-platforms=262144"
    "memorysetup-temp-allocator-size-background-worker=32768"
    "memorysetup-temp-allocator-size-job-worker=262144"
    "memorysetup-temp-allocator-size-preload-manager=33554432"
    "memorysetup-temp-allocator-size-nav-mesh-worker=65536"
    "memorysetup-temp-allocator-size-audio-worker=65536"
    "memorysetup-temp-allocator-size-cloud-worker=32768"
    "memorysetup-temp-allocator-size-gi-baking-worker=262144"
    "memorysetup-temp-allocator-size-gfx=262144"
Player connection [4476] Host "[IP] 172.19.48.1 [Port] 0 [Flags] 2 [Guid] 3403149246 [EditorId] 3403149246 [Version] 1048832 [Id] WindowsEditor(7,SUS) [Debug] 1 [PackageName] WindowsEditor [ProjectName] Editor" joined multi-casting on [225.0.0.222:54997]...

Player connection [4476] Host "[IP] 172.19.48.1 [Port] 0 [Flags] 2 [Guid] 3403149246 [EditorId] 3403149246 [Version] 1048832 [Id] WindowsEditor(7,SUS) [Debug] 1 [PackageName] WindowsEditor [ProjectName] Editor" joined alternative multi-casting on [225.0.0.222:34997]...

[Physics::Module] Initialized MultithreadedJobDispatcher with {0} workers.
Refreshing native plugins compatible for Editor in 185.61 ms, found 3 plugins.
Preloading 0 native plugins for Editor in 0.00 ms.
Initialize engine version: 2021.3.40f1 (6fcab7dbbbc1)
[Subsystems] Discovering subsystems at path C:/Program Files/Unity/Hub/Editor/2021.3.40f1/Editor/Data/Resources/UnitySubsystems
[Subsystems] Discovering subsystems at path C:/Users/tammi/OneDrive/Desktop/Super Mario 64 Unity/Assets
GfxDevice: creating device client; threaded=0; jobified=0
Direct3D:
    Version:  Direct3D 11.0 [level 11.1]
    Renderer: Intel(R) Iris(R) Xe Graphics (ID=0x9a49)
    Vendor:   Intel
    VRAM:     3985 MB
    Driver:   30.0.101.1404
Initialize mono
Mono path[0] = 'C:/Program Files/Unity/Hub/Editor/2021.3.40f1/Editor/Data/Managed'
Mono path[1] = 'C:/Program Files/Unity/Hub/Editor/2021.3.40f1/Editor/Data/MonoBleedingEdge/lib/mono/unityjit-win32'
Mono config path = 'C:/Program Files/Unity/Hub/Editor/2021.3.40f1/Editor/Data/MonoBleedingEdge/etc'
Using monoOptions --debugger-agent=transport=dt_socket,embedding=1,server=y,suspend=n,address=127.0.0.1:56548
Begin MonoManager ReloadAssembly
Registering precompiled unity dll's ...
Register platform support module: C:/Program Files/Unity/Hub/Editor/2021.3.40f1/Editor/Data/PlaybackEngines/WindowsStandaloneSupport/UnityEditor.WindowsStandalone.Extensions.dll
Registered in 0.011349 seconds.
Native extension for WindowsStandalone target not found
Refreshing native plugins compatible for Editor in 116.60 ms, found 3 plugins.
Preloading 0 native plugins for Editor in 0.00 ms.
Mono: successfully reloaded assembly
- Completed reload, in  1.182 seconds
Domain Reload Profiling:
	ReloadAssembly (1183ms)
		BeginReloadAssembly (208ms)
			ExecutionOrderSort (0ms)
			DisableScriptedObjects (0ms)
			BackupInstance (0ms)
			ReleaseScriptingObjects (0ms)
			CreateAndSetChildDomain (1ms)
		EndReloadAssembly (818ms)
			LoadAssemblies (203ms)
			RebuildTransferFunctionScriptingTraits (0ms)
			SetupTypeCache (179ms)
			ReleaseScriptCaches (0ms)
			RebuildScriptCaches (44ms)
			SetupLoadedEditorAssemblies (520ms)
				LogAssemblyErrors (0ms)
				InitializePlatformSupportModulesInManaged (10ms)
				SetLoadedEditorAssemblies (0ms)
				RefreshPlugins (117ms)
				BeforeProcessingInitializeOnLoad (3ms)
				ProcessInitializeOnLoadAttributes (285ms)
				ProcessInitializeOnLoadMethodAttributes (104ms)
				AfterProcessingInitializeOnLoad (0ms)
				EditorAssembliesLoaded (0ms)
			ExecutionOrderSort2 (0ms)
			AwakeInstancesAfterBackupRestoration (0ms)
Platform modules already initialized, skipping
Registering precompiled user dll's ...
Registered in 0.020146 seconds.
Begin MonoManager ReloadAssembly
Native extension for WindowsStandalone target not found
Refreshing native plugins compatible for Editor in 1.06 ms, found 3 plugins.
Preloading 0 native plugins for Editor in 0.00 ms.
Package Manager log level set to [2]
[Package Manager] Server::EnsureServerProcessIsRunning -- launch failed, reason: Unity was launched with the -noUpm command-line argument
[Package Manager] Cannot connect to Unity Package Manager local server
Mono: successfully reloaded assembly
- Completed reload, in  2.583 seconds
Domain Reload Profiling:
	ReloadAssembly (2584ms)
		BeginReloadAssembly (241ms)
			ExecutionOrderSort (0ms)
			DisableScriptedObjects (7ms)
			BackupInstance (0ms)
			ReleaseScriptingObjects (0ms)
			CreateAndSetChildDomain (34ms)
		EndReloadAssembly (2139ms)
			LoadAssemblies (233ms)
			RebuildTransferFunctionScriptingTraits (0ms)
			SetupTypeCache (479ms)
			ReleaseScriptCaches (2ms)
			RebuildScriptCaches (77ms)
			SetupLoadedEditorAssemblies (1338ms)
				LogAssemblyErrors (0ms)
				InitializePlatformSupportModulesInManaged (15ms)
				SetLoadedEditorAssemblies (1ms)
				RefreshPlugins (1ms)
				BeforeProcessingInitializeOnLoad (195ms)
				ProcessInitializeOnLoadAttributes (1063ms)
				ProcessInitializeOnLoadMethodAttributes (48ms)
				AfterProcessingInitializeOnLoad (14ms)
				EditorAssembliesLoaded (0ms)
			ExecutionOrderSort2 (0ms)
			AwakeInstancesAfterBackupRestoration (14ms)
Platform modules already initialized, skipping
========================================================================
Worker process is ready to serve import requests
Launched and connected shader compiler UnityShaderCompiler.exe after 0.12 seconds
Refreshing native plugins compatible for Editor in 0.80 ms, found 3 plugins.
Preloading 0 native plugins for Editor in 0.00 ms.
Unloading 3080 Unused Serialized files (Serialized files now loaded: 0)
Unloading 24 unused Assets / (46.4 KB). Loaded Objects now: 3539.
Memory consumption went from 106.7 MB to 106.7 MB.
Total: 4.389400 ms (FindLiveObjects: 0.270600 ms CreateObjectMapping: 0.233500 ms MarkObjects: 3.776100 ms  DeleteObjects: 0.107600 ms)

AssetImportParameters requested are different than current active one (requested -> active):
  custom:video-decoder-ogg-theora: a1e56fd34408186e4bbccfd4996cb3dc -> 
  custom:container-muxer-webm: aa71ff27fc2769a1b78a27578f13a17b -> 
  custom:container-demuxer-webm: 4f35f7cbe854078d1ac9338744f61a02 -> 
  custom:video-encoder-webm-vp8: eb34c28f22e8b96e1ab97ce403110664 -> 
  custom:CustomObjectIndexerAttribute: bc11b3a6c3213fcdd17b65e7da85e133 -> 
  custom:audio-encoder-webm-vorbis: bf7c407c2cedff20999df2af8eb42d56 -> 
  custom:framework-win-MediaFoundation: 216162199b28c13a410421893ffa2e32 -> 
  custom:SearchIndexIgnoredProperties: e643bd26f0fe6173181afceb89e7c659 -> 
  custom:container-demuxer-ogg: 62fdf1f143b41e24485cea50d1cbac27 -> 
  custom:video-decoder-webm-vp8: 9c59270c3fd7afecdb556c50c9e8de78 -> 
  custom:audio-decoder-ogg-vorbis: bf7c407c2cedff20999df2af8eb42d56 -> 
========================================================================
Received Import Request.
  Time since last request: 200255.924219 seconds.
  path: Assets
  artifactKey: Guid(00000000000000001000000000000000) Importer(815301076,1909f56bfc062723c751e8b465ee728b)
Number of updated assets reloaded before import = 0
Start importing Assets using Guid(00000000000000001000000000000000) Importer(815301076,1909f56bfc062723c751e8b465ee728b)  -> (artifact id: '242eb3f8ccddee1d20804eaa3e2360db') in 0.022443 seconds 
Number of asset objects unloaded after import = 0
========================================================================
Received Import Request.
  Time since last request: 3.090835 seconds.
  path: Assets/Grass.mat
  artifactKey: Guid(06ace98e9545fa645915c06cc993f43d) Importer(815301076,1909f56bfc062723c751e8b465ee728b)
Number of updated assets reloaded before import = 0
Start importing Assets/Grass.mat using Guid(06ace98e9545fa645915c06cc993f43d) Importer(815301076,1909f56bfc062723c751e8b465ee728b)  -> (artifact id: 'addfaca2bdf81b3c995e62cb25afcce2') in 0.322342 seconds 
Number of asset objects unloaded after import = 1
========================================================================
Received Import Request.
  Time since last request: 42.132845 seconds.
  path: Assets/sm64.jpg
  artifactKey: Guid(9fca73a8a6cad6c4a8fc5d71546d0983) Importer(815301076,1909f56bfc062723c751e8b465ee728b)
Number of updated assets reloaded before import = 0
Start importing Assets/sm64.jpg using Guid(9fca73a8a6cad6c4a8fc5d71546d0983) Importer(815301076,1909f56bfc062723c751e8b465ee728b)  -> (artifact id: 'f96c96490acda144dc526f3456b11c23') in 0.055915 seconds 
Number of asset objects unloaded after import = 2
========================================================================
Received Import Request.
  Time since last request: 53.704272 seconds.
  path: Assets/mario64recreation.obj
  artifactKey: Guid(7635197e1e8553a46ad7d007175db9bf) Importer(815301076,1909f56bfc062723c751e8b465ee728b)
Number of updated assets reloaded before import = 0
Start importing Assets/mario64recreation.obj using Guid(7635197e1e8553a46ad7d007175db9bf) Importer(815301076,1909f56bfc062723c751e8b465ee728b)  -> (artifact id: 'dc4bc76cca9c31ea3ec529d147fff395') in 0.171573 seconds 
Number of asset objects unloaded after import = 17
========================================================================
Received Import Request.
  Time since last request: 371.315346 seconds.
  path: Assets/mario_button.png
  artifactKey: Guid(3f20a2d9a06695f488cb8387702293ba) Importer(815301076,1909f56bfc062723c751e8b465ee728b)
Number of updated assets reloaded before import = 0
Start importing Assets/mario_button.png using Guid(3f20a2d9a06695f488cb8387702293ba) Importer(815301076,1909f56bfc062723c751e8b465ee728b)  -> (artifact id: 'e127155623d4222879192de2d758b308') in 0.165584 seconds 
Number of asset objects unloaded after import = 2
========================================================================
Received Import Request.
  Time since last request: 0.000068 seconds.
  path: Assets/mario_mustache.png
  artifactKey: Guid(b3462bd61d226b24aa385af48fb2ffe6) Importer(815301076,1909f56bfc062723c751e8b465ee728b)
Number of updated assets reloaded before import = 0
Start importing Assets/mario_mustache.png using Guid(b3462bd61d226b24aa385af48fb2ffe6) Importer(815301076,1909f56bfc062723c751e8b465ee728b)  -> (artifact id: '821461cf8400a704c66a4f27f51e4fb5') in 0.030037 seconds 
Number of asset objects unloaded after import = 2
========================================================================
Received Import Request.
  Time since last request: 0.000149 seconds.
  path: Assets/wing1.png
  artifactKey: Guid(5d30113c815e0b54b9b7229c3c730243) Importer(815301076,1909f56bfc062723c751e8b465ee728b)
Number of updated assets reloaded before import = 0
Start importing Assets/wing1.png using Guid(5d30113c815e0b54b9b7229c3c730243) Importer(815301076,1909f56bfc062723c751e8b465ee728b)  -> (artifact id: 'ba87ba54fb14f4a8a341ae6364842e8d') in 0.030178 seconds 
Number of asset objects unloaded after import = 2
========================================================================
Received Import Request.
  Time since last request: 0.000030 seconds.
  path: Assets/wing 2.png
  artifactKey: Guid(06aca5c623a05ad4591e33539ce22124) Importer(815301076,1909f56bfc062723c751e8b465ee728b)
Number of updated assets reloaded before import = 0
Start importing Assets/wing 2.png using Guid(06aca5c623a05ad4591e33539ce22124) Importer(815301076,1909f56bfc062723c751e8b465ee728b)  -> (artifact id: '60b2e25ba597d8527265cd8ccbe85bf0') in 0.155462 seconds 
Number of asset objects unloaded after import = 2
========================================================================
Received Import Request.
  Time since last request: 0.000042 seconds.
  path: Assets/mario_face_1.png
  artifactKey: Guid(af77380260f0c5a4b968ae8a801a639c) Importer(815301076,1909f56bfc062723c751e8b465ee728b)
Number of updated assets reloaded before import = 0
Start importing Assets/mario_face_1.png using Guid(af77380260f0c5a4b968ae8a801a639c) Importer(815301076,1909f56bfc062723c751e8b465ee728b)  -> (artifact id: 'c68d4395ffa916733697c61eb29e636d') in 0.069281 seconds 
Number of asset objects unloaded after import = 2
========================================================================
Received Import Request.
  Time since last request: 0.000032 seconds.
  path: Assets/mario_sideburn.png
  artifactKey: Guid(3e659fb119a9dc840be6340ed1ad9102) Importer(815301076,1909f56bfc062723c751e8b465ee728b)
Number of updated assets reloaded before import = 0
Start importing Assets/mario_sideburn.png using Guid(3e659fb119a9dc840be6340ed1ad9102) Importer(815301076,1909f56bfc062723c751e8b465ee728b)  -> (artifact id: 'c34e54dce6c4079234c3f29a24cab499') in 0.060362 seconds 
Number of asset objects unloaded after import = 2
========================================================================
Received Import Request.
  Time since last request: 0.000053 seconds.
  path: Assets/mario_face_4.png
  artifactKey: Guid(c1c33554e6e692c40a0bdd3fa49ee72a) Importer(815301076,1909f56bfc062723c751e8b465ee728b)
Number of updated assets reloaded before import = 0
Start importing Assets/mario_face_4.png using Guid(c1c33554e6e692c40a0bdd3fa49ee72a) Importer(815301076,1909f56bfc062723c751e8b465ee728b)  -> (artifact id: '1fafc9b6bc25351b5230671bbe078a0a') in 0.204386 seconds 
Number of asset objects unloaded after import = 2
========================================================================
Received Import Request.
  Time since last request: 0.000035 seconds.
  path: Assets/metal.png
  artifactKey: Guid(f381a7bf60f27804db6b4bedd42e3a22) Importer(815301076,1909f56bfc062723c751e8b465ee728b)
Number of updated assets reloaded before import = 0
Start importing Assets/metal.png using Guid(f381a7bf60f27804db6b4bedd42e3a22) Importer(815301076,1909f56bfc062723c751e8b465ee728b)  -> (artifact id: 'fa7542e3bc0a778ed1611ffd2b16ee8a') in 0.051197 seconds 
Number of asset objects unloaded after import = 2
========================================================================
Received Import Request.
  Time since last request: 91.076560 seconds.
  path: Assets/Materials/mario_cap.mat
  artifactKey: Guid(dfe22e987edccd04ab8d177f5dfff7d3) Importer(815301076,1909f56bfc062723c751e8b465ee728b)
Number of updated assets reloaded before import = 0
Start importing Assets/Materials/mario_cap.mat using Guid(dfe22e987edccd04ab8d177f5dfff7d3) Importer(815301076,1909f56bfc062723c751e8b465ee728b)  -> (artifact id: 'b6123fde9c3d604f50517856d97b86e0') in 0.032729 seconds 
Number of asset objects unloaded after import = 2
========================================================================
Received Import Request.
  Time since last request: 17.977937 seconds.
  path: Assets/Cap.mat
  artifactKey: Guid(9ab9b45cebcd373438fb49c59074ab1d) Importer(815301076,1909f56bfc062723c751e8b465ee728b)
Number of updated assets reloaded before import = 0
Start importing Assets/Cap.mat using Guid(9ab9b45cebcd373438fb49c59074ab1d) Importer(815301076,1909f56bfc062723c751e8b465ee728b)  -> (artifact id: 'b072661314408b38a7d8cec31afc1c12') in 0.026768 seconds 
Number of asset objects unloaded after import = 1
========================================================================
Received Import Request.
  Time since last request: 51.214855 seconds.
  path: Assets/mario64recreation.obj
  artifactKey: Guid(7635197e1e8553a46ad7d007175db9bf) Importer(815301076,1909f56bfc062723c751e8b465ee728b)
Number of updated assets reloaded before import = 0
Start importing Assets/mario64recreation.obj using Guid(7635197e1e8553a46ad7d007175db9bf) Importer(815301076,1909f56bfc062723c751e8b465ee728b)  -> (artifact id: '7a7267510e16a8dcf882d8fae839c2f5') in 0.056460 seconds 
Number of asset objects unloaded after import = 17
========================================================================
Received Import Request.
  Time since last request: 0.000030 seconds.
  path: Assets/face_0_-_eye_open_v3.001.mat
  artifactKey: Guid(1742cd3be65768f41beac326c2bb651f) Importer(815301076,1909f56bfc062723c751e8b465ee728b)
Number of updated assets reloaded before import = 0
Start importing Assets/face_0_-_eye_open_v3.001.mat using Guid(1742cd3be65768f41beac326c2bb651f) Importer(815301076,1909f56bfc062723c751e8b465ee728b)  -> (artifact id: '5838c89296d65eba88013fc447a0c583') in 0.034354 seconds 
Number of asset objects unloaded after import = 1
========================================================================
Received Import Request.
  Time since last request: 0.000032 seconds.
  path: Assets/sideburns_v3.001.mat
  artifactKey: Guid(9710ddcc52a792546b55132a85655aba) Importer(815301076,1909f56bfc062723c751e8b465ee728b)
Number of updated assets reloaded before import = 0
Start importing Assets/sideburns_v3.001.mat using Guid(9710ddcc52a792546b55132a85655aba) Importer(815301076,1909f56bfc062723c751e8b465ee728b)  -> (artifact id: '70092746f62947d98234f96954fc5fe7') in 0.063084 seconds 
Number of asset objects unloaded after import = 1
========================================================================
Received Import Request.
  Time since last request: 0.000059 seconds.
  path: Assets/shoes_v3.001.mat
  artifactKey: Guid(fe9f57471e0945948b7adb999a9396e3) Importer(815301076,1909f56bfc062723c751e8b465ee728b)
Number of updated assets reloaded before import = 0
Start importing Assets/shoes_v3.001.mat using Guid(fe9f57471e0945948b7adb999a9396e3) Importer(815301076,1909f56bfc062723c751e8b465ee728b)  -> (artifact id: '9159a7eb0b1e2306ec819cb14c488f30') in 0.081688 seconds 
Number of asset objects unloaded after import = 1
========================================================================
Received Import Request.
  Time since last request: 0.000035 seconds.
  path: Assets/gloves_v3.001.mat
  artifactKey: Guid(bf8cc534401e14f40863b5dc730ddef9) Importer(815301076,1909f56bfc062723c751e8b465ee728b)
Number of updated assets reloaded before import = 0
Start importing Assets/gloves_v3.001.mat using Guid(bf8cc534401e14f40863b5dc730ddef9) Importer(815301076,1909f56bfc062723c751e8b465ee728b)  -> (artifact id: 'b50a217077ad1531e5512f872d32bad2') in 0.068798 seconds 
Number of asset objects unloaded after import = 1
========================================================================
Received Import Request.
  Time since last request: 0.000043 seconds.
  path: Assets/cap_v3.mat
  artifactKey: Guid(afb5fc4b9386bd7469c750500292c730) Importer(815301076,1909f56bfc062723c751e8b465ee728b)
Number of updated assets reloaded before import = 0
Start importing Assets/cap_v3.mat using Guid(afb5fc4b9386bd7469c750500292c730) Importer(815301076,1909f56bfc062723c751e8b465ee728b)  -> (artifact id: 'b7589ce7b92ec709826813e0608877bf') in 0.029672 seconds 
Number of asset objects unloaded after import = 1
========================================================================
Received Import Request.
  Time since last request: 0.000022 seconds.
  path: Assets/mustache_v3.001.mat
  artifactKey: Guid(a89204296b8dee245b39bd81c256f84d) Importer(815301076,1909f56bfc062723c751e8b465ee728b)
Number of updated assets reloaded before import = 0
Start importing Assets/mustache_v3.001.mat using Guid(a89204296b8dee245b39bd81c256f84d) Importer(815301076,1909f56bfc062723c751e8b465ee728b)  -> (artifact id: '489d30a6e63ac8182f33ff3d6d67e0e6') in 0.093859 seconds 
Number of asset objects unloaded after import = 1
========================================================================
Received Import Request.
  Time since last request: 0.000063 seconds.
  path: Assets/hair_v3.001.mat
  artifactKey: Guid(c42b2739b2db09246bceb182200728fd) Importer(815301076,1909f56bfc062723c751e8b465ee728b)
Number of updated assets reloaded before import = 0
Start importing Assets/hair_v3.001.mat using Guid(c42b2739b2db09246bceb182200728fd) Importer(815301076,1909f56bfc062723c751e8b465ee728b)  -> (artifact id: '467ae550c69adc932b7c3f61f40b713f') in 0.062434 seconds 
Number of asset objects unloaded after import = 1
========================================================================
Received Import Request.
  Time since last request: 94.753963 seconds.
  path: Assets/mario64recreation.obj
  artifactKey: Guid(7635197e1e8553a46ad7d007175db9bf) Importer(815301076,1909f56bfc062723c751e8b465ee728b)
Number of updated assets reloaded before import = 0
Start importing Assets/mario64recreation.obj using Guid(7635197e1e8553a46ad7d007175db9bf) Importer(815301076,1909f56bfc062723c751e8b465ee728b)  -> (artifact id: '0cc3613792131eb2b3f240335b42470e') in 0.088164 seconds 
Number of asset objects unloaded after import = 17
